<?xml version="1.0" encoding="UTF-8"?>
<!-- Generated by org.testng.reporters.JUnitReportReporter -->
<testsuite skipped="0" hostname="x200" name="testing._DbTest" tests="16" failures="0" timestamp="08 Nov 2017 11:06:28 GMT" time="3.744" errors="0">
  <testcase name="shouldTemporaryConnectSecondCurrencyCountry" time="0.087" classname="testing._DbTest"/>
  <testcase name="shouldGetSortedCurrency" time="0.117" classname="testing._DbTest"/>
  <testcase name="shouldInsertNewCountry" time="0.110" classname="testing._DbTest"/>
  <testcase name="shouldRemoveObjects" time="0.081" classname="testing._DbTest"/>
  <testcase name="shouldThrowRuntimeExceptionDueToWrongParameter" time="0.005" classname="testing._DbTest"/>
  <testcase name="shouldConnectCurrencyCountry" time="0.071" classname="testing._DbTest"/>
  <testcase name="shouldGetCurrencyRatio" time="0.030" classname="testing._DbTest"/>
  <testcase name="shouldInsertNewCurrency" time="0.048" classname="testing._DbTest"/>
  <testcase name="shouldEnsureFetchingResults" time="0.015" classname="testing._DbTest"/>
  <testcase name="shouldGetLimittedSortedCurrency" time="0.008" classname="testing._DbTest"/>
  <testcase name="shouldGetLimittedSortedCurrencyRatiosLowestBidPrice" time="0.016" classname="testing._DbTest"/>
  <testcase name="shouldGetAllConnectedToCountryOnDay" time="0.017" classname="testing._DbTest"/>
  <testcase name="shouldCreateDefaultConnection" time="2.730" classname="testing._DbTest"/>
  <testcase name="shouldGetHighestPriceDifferenceOfCurrencyRatios" time="0.358" classname="testing._DbTest"/>
  <testcase name="shouldDisconnectCurrencyCountryRelations" time="0.042" classname="testing._DbTest"/>
  <testcase name="shouldGetCurrencyCountForEachCountry" time="0.009" classname="testing._DbTest"/>
</testsuite> <!-- testing._DbTest -->
