<?xml version="1.0" encoding="UTF-8"?>
<!-- Generated by org.testng.reporters.JUnitReportReporter -->
<testsuite skipped="0" hostname="x200" name="testing._DbTest" tests="1" failures="0" timestamp="03 Nov 2017 07:53:02 GMT" time="3.615" errors="0">
  <testcase name="shouldInitializeDbStructure" time="3.615" classname="testing._DbTest"/>
</testsuite> <!-- testing._DbTest -->
