<?xml version="1.0" encoding="UTF-8"?>
<!-- Generated by org.testng.reporters.JUnitReportReporter -->
<testsuite skipped="0" hostname="x200" name="testing._DbTest" tests="13" failures="0" timestamp="06 Nov 2017 07:38:18 GMT" time="4.179" errors="0">
  <testcase name="shouldRemoveObjects" time="0.044" classname="testing._DbTest"/>
  <testcase name="shouldInsertNewCountry" time="0.114" classname="testing._DbTest"/>
  <testcase name="shouldGetSortedCurrency" time="0.139" classname="testing._DbTest"/>
  <testcase name="shouldCreateDefaultConnection" time="3.203" classname="testing._DbTest"/>
  <testcase name="shouldThrowRuntimeExceptionDueToWrongParameter" time="0.008" classname="testing._DbTest"/>
  <testcase name="shouldInsertNewCurrency" time="0.015" classname="testing._DbTest"/>
  <testcase name="shouldGetLimittedSortedCurrency" time="0.023" classname="testing._DbTest"/>
  <testcase name="shouldConnectSecondCurrencyCountry" time="0.153" classname="testing._DbTest"/>
  <testcase name="shouldGetHighestPriceDifferenceOfCurrencyRatios" time="0.306" classname="testing._DbTest"/>
  <testcase name="shouldConnectCurrencyCountry" time="0.085" classname="testing._DbTest"/>
  <testcase name="shouldGetLimittedSortedCurrencyRatiosLowestBidPrice" time="0.018" classname="testing._DbTest"/>
  <testcase name="shouldDisconnectCurrencyCountry" time="0.046" classname="testing._DbTest"/>
  <testcase name="shouldFetchObjects" time="0.025" classname="testing._DbTest"/>
</testsuite> <!-- testing._DbTest -->
