<?xml version="1.0" encoding="UTF-8"?>
<!-- Generated by org.testng.reporters.JUnitReportReporter -->
<testsuite skipped="0" hostname="x200" name="testing._DbTest" tests="2" failures="0" timestamp="29 Oct 2017 22:41:00 GMT" time="284.725" errors="0">
  <testcase name="shouldGatheredCurrenciesData" time="279.735" classname="testing._DbTest"/>
  <testcase name="shouldCreateDefaultConnection" time="4.990" classname="testing._DbTest"/>
</testsuite> <!-- testing._DbTest -->
