<?xml version="1.0" encoding="UTF-8"?>
<!-- Generated by org.testng.reporters.JUnitReportReporter -->
<testsuite skipped="0" hostname="x200" name="testing._DbTest" tests="14" failures="0" timestamp="06 Nov 2017 12:41:22 GMT" time="4.556" errors="0">
  <testcase name="shouldGetHighestPriceDifferenceOfCurrencyRatios" time="0.305" classname="testing._DbTest"/>
  <testcase name="shouldGetLimittedSortedCurrency" time="0.017" classname="testing._DbTest"/>
  <testcase name="shouldDisconnectCurrencyCountry" time="0.154" classname="testing._DbTest"/>
  <testcase name="shouldFetchObjects" time="0.032" classname="testing._DbTest"/>
  <testcase name="shouldThrowRuntimeExceptionDueToWrongParameter" time="0.003" classname="testing._DbTest"/>
  <testcase name="shouldGetLimittedSortedCurrencyRatiosLowestBidPrice" time="0.021" classname="testing._DbTest"/>
  <testcase name="shouldGetSortedCurrency" time="0.071" classname="testing._DbTest"/>
  <testcase name="shouldInsertNewCurrency" time="0.044" classname="testing._DbTest"/>
  <testcase name="shouldCreateDefaultConnection" time="3.008" classname="testing._DbTest"/>
  <testcase name="shouldGetCurrencyRatio" time="0.106" classname="testing._DbTest"/>
  <testcase name="shouldConnectCurrencyCountry" time="0.138" classname="testing._DbTest"/>
  <testcase name="shouldConnectSecondCurrencyCountry" time="0.426" classname="testing._DbTest"/>
  <testcase name="shouldRemoveObjects" time="0.121" classname="testing._DbTest"/>
  <testcase name="shouldInsertNewCountry" time="0.110" classname="testing._DbTest"/>
</testsuite> <!-- testing._DbTest -->
