<?xml version="1.0" encoding="UTF-8"?>
<!-- Generated by org.testng.reporters.JUnitReportReporter -->
<testsuite skipped="0" hostname="x200" name="testing._SmokeTest" tests="4" failures="0" timestamp="26 Oct 2017 06:35:43 GMT" time="0.573" errors="0">
  <testcase name="testGeneralPeriodTimedExchangeWeekAgo" time="0.147" classname="testing._SmokeTest"/>
  <testcase name="testGeneralTimedExchangeForUSDWeekAgo" time="0.029" classname="testing._SmokeTest"/>
  <testcase name="testActualExchangeForUSD" time="0.348" classname="testing._SmokeTest"/>
  <testcase name="testGeneralExchangeForUSD" time="0.049" classname="testing._SmokeTest"/>
</testsuite> <!-- testing._SmokeTest -->
