<?xml version="1.0" encoding="UTF-8"?>
<!-- Generated by org.testng.reporters.JUnitReportReporter -->
<testsuite skipped="0" hostname="x200" name="testing._DbTest" tests="3" failures="0" timestamp="25 Oct 2017 15:14:50 GMT" time="8.258" errors="0">
  <testcase name="getData" time="5.280" classname="testing._DbTest"/>
  <testcase name="createDefaultConnection" time="2.959" classname="testing._DbTest"/>
  <testcase name="getSortedCurrency" time="0.019" classname="testing._DbTest"/>
</testsuite> <!-- testing._DbTest -->
