<?xml version="1.0" encoding="UTF-8"?>
<!-- Generated by org.testng.reporters.JUnitReportReporter -->
<testsuite skipped="0" hostname="x200" name="testing._SmokeTest" tests="4" failures="0" timestamp="23 Oct 2017 08:12:08 GMT" time="0.912" errors="0">
  <testcase name="testActualExchangeForUSD" time="0.409" classname="testing._SmokeTest"/>
  <testcase name="testGeneralTimedExchangeForUSDWeekAgo" time="0.065" classname="testing._SmokeTest"/>
  <testcase name="testGeneralExchangeForUSD" time="0.056" classname="testing._SmokeTest"/>
  <testcase name="testGeneralPeriodTimedExchangeWeekAgo" time="0.382" classname="testing._SmokeTest"/>
</testsuite> <!-- testing._SmokeTest -->
