<?xml version="1.0" encoding="UTF-8"?>
<!-- Generated by org.testng.reporters.JUnitReportReporter -->
<testsuite skipped="0" hostname="x200" name="testing._DbTest" tests="16" failures="0" timestamp="07 Nov 2017 12:44:28 GMT" time="29.146" errors="0">
  <testcase name="shouldCreateDefaultConnection" time="5.814" classname="testing._DbTest"/>
  <testcase name="shouldGetLimittedSortedCurrencyRatiosLowestBidPrice" time="0.027" classname="testing._DbTest"/>
  <testcase name="shouldGetCurrencyRatio" time="0.039" classname="testing._DbTest"/>
  <testcase name="shouldTemporaryConnectSecondCurrencyCountry" time="0.046" classname="testing._DbTest"/>
  <testcase name="shouldGetSortedCurrency" time="0.012" classname="testing._DbTest"/>
  <testcase name="shouldDisconnectCurrencyCountryRelations" time="0.087" classname="testing._DbTest"/>
  <testcase name="shouldEnsureFetchingResults" time="0.036" classname="testing._DbTest"/>
  <testcase name="shouldGatherCurrenciesData" time="22.846" classname="testing._DbTest"/>
  <testcase name="shouldRemoveObjects" time="0.071" classname="testing._DbTest"/>
  <testcase name="shouldGetHighestPriceDifferenceOfCurrencyRatios" time="0.017" classname="testing._DbTest"/>
  <testcase name="shouldInsertNewCountry" time="0.060" classname="testing._DbTest"/>
  <testcase name="shouldThrowRuntimeExceptionDueToWrongParameter" time="0.008" classname="testing._DbTest"/>
  <testcase name="shouldInsertNewCurrency" time="0.027" classname="testing._DbTest"/>
  <testcase name="shouldConnectCurrencyCountry" time="0.047" classname="testing._DbTest"/>
  <testcase name="shouldGetAllConnectedToCountryOnDay" time="0.001" classname="testing._DbTest"/>
  <testcase name="shouldGetLimittedSortedCurrency" time="0.008" classname="testing._DbTest"/>
</testsuite> <!-- testing._DbTest -->
