<?xml version="1.0" encoding="UTF-8"?>
<!-- Generated by org.testng.reporters.JUnitReportReporter -->
<testsuite skipped="0" hostname="x200" name="testing._DbTest" tests="2" failures="0" timestamp="25 Oct 2017 06:34:31 GMT" time="12.964" errors="0">
  <testcase name="getData" time="10.108" classname="testing._DbTest"/>
  <testcase name="create" time="2.856" classname="testing._DbTest"/>
</testsuite> <!-- testing._DbTest -->
