<?xml version="1.0" encoding="UTF-8"?>
<!-- Generated by org.testng.reporters.JUnitReportReporter -->
<testsuite skipped="0" hostname="x200" name="testing._DbTest" tests="3" failures="0" timestamp="29 Oct 2017 21:06:34 GMT" time="7.377" errors="0">
  <testcase name="shouldInsertNewCurrency" time="0.716" classname="testing._DbTest"/>
  <testcase name="shouldInsertNewCountry" time="0.028" classname="testing._DbTest"/>
  <testcase name="shouldCreateDefaultConnection" time="6.633" classname="testing._DbTest"/>
</testsuite> <!-- testing._DbTest -->
