<?xml version="1.0" encoding="UTF-8"?>
<!-- Generated by org.testng.reporters.JUnitReportReporter -->
<testsuite skipped="0" hostname="x200" name="testing._SmokeTest" tests="1" failures="0" timestamp="22 Oct 2017 16:23:32 GMT" time="0.421" errors="0">
  <testcase name="testGeneralPeriodTimedExchangeWeekAgo" time="0.421" classname="testing._SmokeTest"/>
</testsuite> <!-- testing._SmokeTest -->
