<?xml version="1.0" encoding="UTF-8"?>
<!-- Generated by org.testng.reporters.JUnitReportReporter -->
<testsuite skipped="0" hostname="x200" name="testing._DbTest" tests="12" failures="0" timestamp="06 Nov 2017 06:51:10 GMT" time="6.117" errors="0">
  <testcase name="shouldInsertNewCountry" time="0.289" classname="testing._DbTest"/>
  <testcase name="shouldDisconnectCurrencyCountry" time="0.269" classname="testing._DbTest"/>
  <testcase name="shouldCreateDefaultConnection" time="4.509" classname="testing._DbTest"/>
  <testcase name="shouldGetLimittedSortedCurrencyRatiosLowestBidPrice" time="0.027" classname="testing._DbTest"/>
  <testcase name="shouldGetSortedCurrency" time="0.106" classname="testing._DbTest"/>
  <testcase name="shouldGetHighestPriceDifferenceOfCurrencyRatios" time="0.282" classname="testing._DbTest"/>
  <testcase name="shouldFetchObjects" time="0.016" classname="testing._DbTest"/>
  <testcase name="shouldConnectCurrencyCountry" time="0.191" classname="testing._DbTest"/>
  <testcase name="shouldGetLimittedSortedCurrency" time="0.011" classname="testing._DbTest"/>
  <testcase name="shouldRemoveObjects" time="0.229" classname="testing._DbTest"/>
  <testcase name="shouldInsertNewCurrency" time="0.170" classname="testing._DbTest"/>
  <testcase name="shouldThrowRuntimeExceptionDueToWrongParameter" time="0.018" classname="testing._DbTest"/>
</testsuite> <!-- testing._DbTest -->
