<?xml version="1.0" encoding="UTF-8"?>
<!-- Generated by org.testng.reporters.JUnitReportReporter -->
<testsuite skipped="0" hostname="x200" name="testing._DbTest" tests="14" failures="0" timestamp="06 Nov 2017 12:18:52 GMT" time="3.571" errors="0">
  <testcase name="shouldGetHighestPriceDifferenceOfCurrencyRatios" time="0.241" classname="testing._DbTest"/>
  <testcase name="shouldGetLimittedSortedCurrency" time="0.012" classname="testing._DbTest"/>
  <testcase name="shouldConnectSecondCurrencyCountry" time="0.161" classname="testing._DbTest"/>
  <testcase name="shouldInsertNewCountry" time="0.126" classname="testing._DbTest"/>
  <testcase name="shouldDisconnectCurrencyCountry" time="0.044" classname="testing._DbTest"/>
  <testcase name="shouldThrowRuntimeExceptionDueToWrongParameter" time="0.011" classname="testing._DbTest"/>
  <testcase name="shouldGetLimittedSortedCurrencyRatiosLowestBidPrice" time="0.013" classname="testing._DbTest"/>
  <testcase name="shouldGetCurrencyRatio" time="0.054" classname="testing._DbTest"/>
  <testcase name="shouldCreateDefaultConnection" time="2.707" classname="testing._DbTest"/>
  <testcase name="shouldConnectCurrencyCountry" time="0.049" classname="testing._DbTest"/>
  <testcase name="shouldGetSortedCurrency" time="0.075" classname="testing._DbTest"/>
  <testcase name="shouldRemoveObjects" time="0.046" classname="testing._DbTest"/>
  <testcase name="shouldInsertNewCurrency" time="0.022" classname="testing._DbTest"/>
  <testcase name="shouldFetchObjects" time="0.010" classname="testing._DbTest"/>
</testsuite> <!-- testing._DbTest -->
