<?xml version="1.0" encoding="UTF-8"?>
<!-- Generated by org.testng.reporters.JUnitReportReporter -->
<testsuite skipped="0" hostname="x200" name="testing._DbTest" tests="2" failures="0" timestamp="06 Nov 2017 21:30:12 GMT" time="3523.371" errors="0">
  <testcase name="shouldCreateDefaultConnection" time="3.016" classname="testing._DbTest"/>
  <testcase name="shouldGatherCurrenciesData" time="3520.355" classname="testing._DbTest"/>
</testsuite> <!-- testing._DbTest -->
