<?xml version="1.0" encoding="UTF-8"?>
<!-- Generated by org.testng.reporters.JUnitReportReporter -->
<testsuite skipped="0" hostname="x200" name="testing._DbTest" tests="15" failures="0" timestamp="08 Nov 2017 08:31:01 GMT" time="3.568" errors="0">
  <testcase name="shouldTemporaryConnectSecondCurrencyCountry" time="0.075" classname="testing._DbTest"/>
  <testcase name="shouldConnectCurrencyCountry" time="0.031" classname="testing._DbTest"/>
  <testcase name="shouldThrowRuntimeExceptionDueToWrongParameter" time="0.004" classname="testing._DbTest"/>
  <testcase name="shouldInsertNewCountry" time="0.095" classname="testing._DbTest"/>
  <testcase name="shouldGetHighestPriceDifferenceOfCurrencyRatios" time="0.227" classname="testing._DbTest"/>
  <testcase name="shouldCreateDefaultConnection" time="2.810" classname="testing._DbTest"/>
  <testcase name="shouldGetLimittedSortedCurrencyRatiosLowestBidPrice" time="0.012" classname="testing._DbTest"/>
  <testcase name="shouldGetAllConnectedToCountryOnDay" time="0.008" classname="testing._DbTest"/>
  <testcase name="shouldGetLimittedSortedCurrency" time="0.023" classname="testing._DbTest"/>
  <testcase name="shouldRemoveObjects" time="0.067" classname="testing._DbTest"/>
  <testcase name="shouldInsertNewCurrency" time="0.046" classname="testing._DbTest"/>
  <testcase name="shouldDisconnectCurrencyCountryRelations" time="0.049" classname="testing._DbTest"/>
  <testcase name="shouldEnsureFetchingResults" time="0.012" classname="testing._DbTest"/>
  <testcase name="shouldGetCurrencyRatio" time="0.034" classname="testing._DbTest"/>
  <testcase name="shouldGetSortedCurrency" time="0.075" classname="testing._DbTest"/>
</testsuite> <!-- testing._DbTest -->
