<?xml version="1.0" encoding="UTF-8"?>
<!-- Generated by org.testng.reporters.JUnitReportReporter -->
<testsuite skipped="0" hostname="x200" name="testing._DbTest" tests="16" failures="0" timestamp="08 Nov 2017 13:17:13 GMT" time="4.184" errors="0">
  <testcase name="shouldInsertNewCurrency" time="0.044" classname="testing._DbTest"/>
  <testcase name="shouldGetHighestPriceDifferenceOfCurrencyRatios" time="0.233" classname="testing._DbTest"/>
  <testcase name="shouldGetOnlyMultiCurrencyCountries" time="0.006" classname="testing._DbTest"/>
  <testcase name="shouldGetCurrencyRatio" time="0.057" classname="testing._DbTest"/>
  <testcase name="shouldConnectCurrencyCountry" time="0.130" classname="testing._DbTest"/>
  <testcase name="shouldRemoveObjects" time="0.076" classname="testing._DbTest"/>
  <testcase name="shouldCreateDefaultConnection" time="3.280" classname="testing._DbTest"/>
  <testcase name="shouldGetLimittedSortedCurrency" time="0.008" classname="testing._DbTest"/>
  <testcase name="shouldEnsureFetchingResults" time="0.062" classname="testing._DbTest"/>
  <testcase name="shouldGetAllRatiosConnectedToCountryOnDay" time="0.011" classname="testing._DbTest"/>
  <testcase name="shouldGetCurrencyCountForEachCountry" time="0.005" classname="testing._DbTest"/>
  <testcase name="shouldThrowRuntimeExceptionDueToWrongParameter" time="0.002" classname="testing._DbTest"/>
  <testcase name="shouldInsertNewCountry" time="0.069" classname="testing._DbTest"/>
  <testcase name="shouldDisconnectCurrencyCountryRelations" time="0.148" classname="testing._DbTest"/>
  <testcase name="shouldGetSortedCurrency" time="0.042" classname="testing._DbTest"/>
  <testcase name="shouldGetLimittedSortedCurrencyRatiosLowestBidPrice" time="0.011" classname="testing._DbTest"/>
</testsuite> <!-- testing._DbTest -->
