<?xml version="1.0" encoding="UTF-8"?>
<!-- Generated by org.testng.reporters.JUnitReportReporter -->
<testsuite skipped="0" hostname="x200" name="testing._SmokeTest" tests="4" failures="0" timestamp="23 Oct 2017 10:56:28 GMT" time="1.067" errors="0">
  <testcase name="testGeneralExchangeForUSD" time="0.082" classname="testing._SmokeTest"/>
  <testcase name="testGeneralPeriodTimedExchangeWeekAgo" time="0.248" classname="testing._SmokeTest"/>
  <testcase name="testActualExchangeForUSD" time="0.652" classname="testing._SmokeTest"/>
  <testcase name="testGeneralTimedExchangeForUSDWeekAgo" time="0.085" classname="testing._SmokeTest"/>
</testsuite> <!-- testing._SmokeTest -->
