<?xml version="1.0" encoding="UTF-8"?>
<!-- Generated by org.testng.reporters.JUnitReportReporter -->
<testsuite skipped="0" hostname="x200" name="testing._DbTest" tests="5" failures="0" timestamp="25 Oct 2017 22:44:28 GMT" time="66.157" errors="0">
  <testcase name="getLimittedSortedCurrency" time="0.284" classname="testing._DbTest"/>
  <testcase name="getSortedCurrency" time="0.013" classname="testing._DbTest"/>
  <testcase name="getLimittedSortedCurrencyRatiosLowestBidPrice" time="0.006" classname="testing._DbTest"/>
  <testcase name="getData" time="31.574" classname="testing._DbTest"/>
  <testcase name="createDefaultConnection" time="34.280" classname="testing._DbTest"/>
</testsuite> <!-- testing._DbTest -->
