<?xml version="1.0" encoding="UTF-8"?>
<!-- Generated by org.testng.reporters.JUnitReportReporter -->
<testsuite skipped="0" hostname="x200" name="testing._DbTest" tests="1" failures="0" timestamp="08 Nov 2017 15:00:19 GMT" time="5.908" errors="0">
  <testcase name="shouldInitializeDbStructure" time="5.908" classname="testing._DbTest"/>
</testsuite> <!-- testing._DbTest -->
