<?xml version="1.0" encoding="UTF-8"?>
<!-- Generated by org.testng.reporters.JUnitReportReporter -->
<testsuite skipped="0" hostname="x200" name="testing._DbTest" tests="15" failures="0" timestamp="08 Nov 2017 08:34:02 GMT" time="3.435" errors="0">
  <testcase name="shouldGetSortedCurrency" time="0.076" classname="testing._DbTest"/>
  <testcase name="shouldInsertNewCurrency" time="0.027" classname="testing._DbTest"/>
  <testcase name="shouldEnsureFetchingResults" time="0.020" classname="testing._DbTest"/>
  <testcase name="shouldThrowRuntimeExceptionDueToWrongParameter" time="0.005" classname="testing._DbTest"/>
  <testcase name="shouldGetAllConnectedToCountryOnDay" time="0.026" classname="testing._DbTest"/>
  <testcase name="shouldConnectCurrencyCountry" time="0.032" classname="testing._DbTest"/>
  <testcase name="shouldRemoveObjects" time="0.066" classname="testing._DbTest"/>
  <testcase name="shouldTemporaryConnectSecondCurrencyCountry" time="0.057" classname="testing._DbTest"/>
  <testcase name="shouldGetHighestPriceDifferenceOfCurrencyRatios" time="0.257" classname="testing._DbTest"/>
  <testcase name="shouldCreateDefaultConnection" time="2.680" classname="testing._DbTest"/>
  <testcase name="shouldGetLimittedSortedCurrencyRatiosLowestBidPrice" time="0.028" classname="testing._DbTest"/>
  <testcase name="shouldGetLimittedSortedCurrency" time="0.009" classname="testing._DbTest"/>
  <testcase name="shouldDisconnectCurrencyCountryRelations" time="0.047" classname="testing._DbTest"/>
  <testcase name="shouldGetCurrencyRatio" time="0.030" classname="testing._DbTest"/>
  <testcase name="shouldInsertNewCountry" time="0.075" classname="testing._DbTest"/>
</testsuite> <!-- testing._DbTest -->
