<?xml version="1.0" encoding="UTF-8"?>
<!-- Generated by org.testng.reporters.JUnitReportReporter -->
<testsuite skipped="0" hostname="x200" name="testing._SmokeTest" tests="5" failures="0" timestamp="24 Oct 2017 21:04:35 GMT" time="0.577" errors="0">
  <testcase name="testActualExchangeForUSD" time="0.181" classname="testing._SmokeTest"/>
  <testcase name="testBlockGeneralPeriodTimedExchangeWeekAgo" time="0.126" classname="testing._SmokeTest"/>
  <testcase name="testGeneralPeriodTimedExchangeWeekAgo" time="0.078" classname="testing._SmokeTest"/>
  <testcase name="testGeneralExchangeForUSD" time="0.053" classname="testing._SmokeTest"/>
  <testcase name="testGeneralTimedExchangeForUSDWeekAgo" time="0.139" classname="testing._SmokeTest"/>
</testsuite> <!-- testing._SmokeTest -->
