<?xml version="1.0" encoding="UTF-8"?>
<!-- Generated by org.testng.reporters.JUnitReportReporter -->
<testsuite skipped="0" hostname="x200" name="testing._SmokeTest" tests="4" failures="0" timestamp="24 Oct 2017 15:51:04 GMT" time="6.869" errors="0">
  <testcase name="testActualExchangeForUSD" time="2.355" classname="testing._SmokeTest"/>
  <testcase name="testGeneralExchangeForUSD" time="0.039" classname="testing._SmokeTest"/>
  <testcase name="testGeneralTimedExchangeForUSDWeekAgo" time="0.037" classname="testing._SmokeTest"/>
  <testcase name="testGeneralPeriodTimedExchangeWeekAgo" time="4.438" classname="testing._SmokeTest"/>
</testsuite> <!-- testing._SmokeTest -->
