<?xml version="1.0" encoding="UTF-8"?>
<!-- Generated by org.testng.reporters.JUnitReportReporter -->
<testsuite skipped="12" hostname="x200" name="testing._DbTest" tests="14" failures="0" timestamp="06 Nov 2017 11:03:12 GMT" time="2.229" errors="1">
  <testcase name="shouldThrowRuntimeExceptionDueToWrongParameter" time="0.020" classname="testing._DbTest"/>
  <testcase name="shouldCreateDefaultConnection" time="2.209" classname="testing._DbTest">
    <error type="java.lang.ExceptionInInitializerError">
      <![CDATA[java.lang.ExceptionInInitializerError
	at testing._DbTest.shouldCreateDefaultConnection(_DbTest.java:60)
	at sun.reflect.NativeMethodAccessorImpl.invoke0(Native Method)
	at sun.reflect.NativeMethodAccessorImpl.invoke(NativeMethodAccessorImpl.java:62)
	at sun.reflect.DelegatingMethodAccessorImpl.invoke(DelegatingMethodAccessorImpl.java:43)
	at java.lang.reflect.Method.invoke(Method.java:498)
	at org.testng.internal.MethodInvocationHelper.invokeMethod(MethodInvocationHelper.java:108)
	at org.testng.internal.Invoker.invokeMethod(Invoker.java:669)
	at org.testng.internal.Invoker.invokeTestMethod(Invoker.java:877)
	at org.testng.internal.Invoker.invokeTestMethods(Invoker.java:1201)
	at org.testng.internal.TestMethodWorker.invokeTestMethods(TestMethodWorker.java:125)
	at org.testng.internal.TestMethodWorker.run(TestMethodWorker.java:109)
	at org.testng.TestRunner.privateRun(TestRunner.java:776)
	at org.testng.TestRunner.run(TestRunner.java:634)
	at org.testng.SuiteRunner.runTest(SuiteRunner.java:425)
	at org.testng.SuiteRunner.runSequentially(SuiteRunner.java:420)
	at org.testng.SuiteRunner.privateRun(SuiteRunner.java:385)
	at org.testng.SuiteRunner.run(SuiteRunner.java:334)
	at org.testng.SuiteRunnerWorker.runSuite(SuiteRunnerWorker.java:52)
	at org.testng.SuiteRunnerWorker.run(SuiteRunnerWorker.java:86)
	at org.testng.TestNG.runSuitesSequentially(TestNG.java:1318)
	at org.testng.TestNG.runSuitesLocally(TestNG.java:1243)
	at org.testng.TestNG.runSuites(TestNG.java:1161)
	at org.testng.TestNG.run(TestNG.java:1129)
	at org.testng.remote.AbstractRemoteTestNG.run(AbstractRemoteTestNG.java:114)
	at org.testng.remote.RemoteTestNG.initAndRun(RemoteTestNG.java:251)
	at org.testng.remote.RemoteTestNG.main(RemoteTestNG.java:77)
Caused by: java.lang.RuntimeException: org.hibernate.AnnotationException: Unknown mappedBy in: persistence.db.table.currency.CurrencyRatios.currency, referenced property unknown: persistence.db.table.currency.Currency.Currency
	at persistence.db.DbConnection.buildSessionFactory(DbConnection.java:112)
	at persistence.db.DbConnection.<clinit>(DbConnection.java:104)
	... 26 more
Caused by: org.hibernate.AnnotationException: Unknown mappedBy in: persistence.db.table.currency.CurrencyRatios.currency, referenced property unknown: persistence.db.table.currency.Currency.Currency
	at org.hibernate.cfg.OneToOneSecondPass.doSecondPass(OneToOneSecondPass.java:155)
	at org.hibernate.boot.internal.InFlightMetadataCollectorImpl.processSecondPasses(InFlightMetadataCollectorImpl.java:1621)
	at org.hibernate.boot.internal.InFlightMetadataCollectorImpl.processSecondPasses(InFlightMetadataCollectorImpl.java:1589)
	at org.hibernate.boot.model.process.spi.MetadataBuildingProcess.complete(MetadataBuildingProcess.java:278)
	at org.hibernate.boot.model.process.spi.MetadataBuildingProcess.build(MetadataBuildingProcess.java:83)
	at org.hibernate.boot.internal.MetadataBuilderImpl.build(MetadataBuilderImpl.java:418)
	at org.hibernate.boot.internal.MetadataBuilderImpl.build(MetadataBuilderImpl.java:87)
	at org.hibernate.cfg.Configuration.buildSessionFactory(Configuration.java:691)
	at persistence.db.DbConnection.buildSessionFactory(DbConnection.java:109)
	... 27 more
]]>
    </error>
  </testcase> <!-- shouldCreateDefaultConnection -->
  <testcase name="shouldInsertNewCurrency" time="0.000" classname="testing._DbTest">
    <skipped/>
  </testcase> <!-- shouldInsertNewCurrency -->
  <testcase name="shouldFetchObjects" time="0.000" classname="testing._DbTest">
    <skipped/>
  </testcase> <!-- shouldFetchObjects -->
  <testcase name="shouldGetSortedCurrency" time="0.000" classname="testing._DbTest">
    <skipped/>
  </testcase> <!-- shouldGetSortedCurrency -->
  <testcase name="shouldRemoveObjects" time="0.000" classname="testing._DbTest">
    <skipped/>
  </testcase> <!-- shouldRemoveObjects -->
  <testcase name="shouldGetLimittedSortedCurrency" time="0.000" classname="testing._DbTest">
    <skipped/>
  </testcase> <!-- shouldGetLimittedSortedCurrency -->
  <testcase name="shouldGetHighestPriceDifferenceOfCurrencyRatios" time="0.000" classname="testing._DbTest">
    <skipped/>
  </testcase> <!-- shouldGetHighestPriceDifferenceOfCurrencyRatios -->
  <testcase name="shouldInsertNewCountry" time="0.000" classname="testing._DbTest">
    <skipped/>
  </testcase> <!-- shouldInsertNewCountry -->
  <testcase name="shouldConnectCurrencyCountry" time="0.000" classname="testing._DbTest">
    <skipped/>
  </testcase> <!-- shouldConnectCurrencyCountry -->
  <testcase name="shouldDisconnectCurrencyCountry" time="0.000" classname="testing._DbTest">
    <skipped/>
  </testcase> <!-- shouldDisconnectCurrencyCountry -->
  <testcase name="shouldGetLimittedSortedCurrencyRatiosLowestBidPrice" time="0.000" classname="testing._DbTest">
    <skipped/>
  </testcase> <!-- shouldGetLimittedSortedCurrencyRatiosLowestBidPrice -->
  <testcase name="shouldConnectSecondCurrencyCountry" time="0.000" classname="testing._DbTest">
    <skipped/>
  </testcase> <!-- shouldConnectSecondCurrencyCountry -->
  <testcase name="shouldGetCurrencyRatio" time="0.000" classname="testing._DbTest">
    <skipped/>
  </testcase> <!-- shouldGetCurrencyRatio -->
</testsuite> <!-- testing._DbTest -->
