<?xml version="1.0" encoding="UTF-8"?>
<!-- Generated by org.testng.reporters.JUnitReportReporter -->
<testsuite skipped="0" hostname="x200" name="testing._DbTest" tests="2" failures="0" timestamp="24 Oct 2017 15:51:04 GMT" time="66.356" errors="1">
  <testcase name="create" time="65.660" classname="testing._DbTest"/>
  <testcase name="getData" time="0.696" classname="testing._DbTest">
    <error type="java.lang.RuntimeException" message="java.lang.NullPointerException">
      <![CDATA[java.lang.RuntimeException: java.lang.NullPointerException
	at parser.Str2BigDecimal.parse(Str2BigDecimal.java:32)
	at persistence.db.table.currency.CurrencyPrice.avg(CurrencyPrice.java:30)
	at valueReading.xml.tableService.TablesAB.serviceMapping(TablesAB.java:10)
	at valueReading.xml.SAXCurrencyPricesDataReader.readyForNewObject(SAXCurrencyPricesDataReader.java:65)
	at valueReading.xml.SAXCurrencyPricesDataReader.startElement(SAXCurrencyPricesDataReader.java:43)
	at com.sun.org.apache.xerces.internal.parsers.AbstractSAXParser.startElement(AbstractSAXParser.java:509)
	at com.sun.org.apache.xerces.internal.impl.XMLNSDocumentScannerImpl.scanStartElement(XMLNSDocumentScannerImpl.java:374)
	at com.sun.org.apache.xerces.internal.impl.XMLDocumentFragmentScannerImpl$FragmentContentDriver.next(XMLDocumentFragmentScannerImpl.java:2784)
	at com.sun.org.apache.xerces.internal.impl.XMLDocumentScannerImpl.next(XMLDocumentScannerImpl.java:602)
	at com.sun.org.apache.xerces.internal.impl.XMLNSDocumentScannerImpl.next(XMLNSDocumentScannerImpl.java:112)
	at com.sun.org.apache.xerces.internal.impl.XMLDocumentFragmentScannerImpl.scanDocument(XMLDocumentFragmentScannerImpl.java:505)
	at com.sun.org.apache.xerces.internal.parsers.XML11Configuration.parse(XML11Configuration.java:841)
	at com.sun.org.apache.xerces.internal.parsers.XML11Configuration.parse(XML11Configuration.java:770)
	at com.sun.org.apache.xerces.internal.parsers.XMLParser.parse(XMLParser.java:141)
	at com.sun.org.apache.xerces.internal.parsers.AbstractSAXParser.parse(AbstractSAXParser.java:1213)
	at com.sun.org.apache.xerces.internal.jaxp.SAXParserImpl$JAXPSAXParser.parse(SAXParserImpl.java:643)
	at extraction.xml.specialized.SelectiveSaxDataReader.readAsSAX(SelectiveSaxDataReader.java:42)
	at extraction.xml.specialized.SelectiveSaxDataReader.readExt(SelectiveSaxDataReader.java:31)
	at main.HttpXmlNbpPeriodTableCurrency.getXMLSubData(HttpXmlNbpPeriodTableCurrency.java:39)
	at main.HttpXmlNbpPeriodTableCurrency.iterateThoroughDates(HttpXmlNbpPeriodTableCurrency.java:74)
	at main.HttpXmlNbpPeriodTableCurrency.takeTable(HttpXmlNbpPeriodTableCurrency.java:55)
	at main.Helper.gatherData(Helper.java:20)
	at testing._DbTest.getData(_DbTest.java:27)
	at sun.reflect.NativeMethodAccessorImpl.invoke0(Native Method)
	at sun.reflect.NativeMethodAccessorImpl.invoke(NativeMethodAccessorImpl.java:62)
	at sun.reflect.DelegatingMethodAccessorImpl.invoke(DelegatingMethodAccessorImpl.java:43)
	at java.lang.reflect.Method.invoke(Method.java:498)
	at org.testng.internal.MethodInvocationHelper.invokeMethod(MethodInvocationHelper.java:108)
	at org.testng.internal.Invoker.invokeMethod(Invoker.java:669)
	at org.testng.internal.Invoker.invokeTestMethod(Invoker.java:877)
	at org.testng.internal.Invoker.invokeTestMethods(Invoker.java:1201)
	at org.testng.internal.TestMethodWorker.invokeTestMethods(TestMethodWorker.java:125)
	at org.testng.internal.TestMethodWorker.run(TestMethodWorker.java:109)
	at org.testng.TestRunner.privateRun(TestRunner.java:776)
	at org.testng.TestRunner.run(TestRunner.java:634)
	at org.testng.SuiteRunner.runTest(SuiteRunner.java:425)
	at org.testng.SuiteRunner.runSequentially(SuiteRunner.java:420)
	at org.testng.SuiteRunner.privateRun(SuiteRunner.java:385)
	at org.testng.SuiteRunner.run(SuiteRunner.java:334)
	at org.testng.SuiteRunnerWorker.runSuite(SuiteRunnerWorker.java:52)
	at org.testng.SuiteRunnerWorker.run(SuiteRunnerWorker.java:86)
	at org.testng.TestNG.runSuitesSequentially(TestNG.java:1318)
	at org.testng.TestNG.runSuitesLocally(TestNG.java:1243)
	at org.testng.TestNG.runSuites(TestNG.java:1161)
	at org.testng.TestNG.run(TestNG.java:1129)
	at org.testng.remote.AbstractRemoteTestNG.run(AbstractRemoteTestNG.java:114)
	at org.testng.remote.RemoteTestNG.initAndRun(RemoteTestNG.java:251)
	at org.testng.remote.RemoteTestNG.main(RemoteTestNG.java:77)
Caused by: java.lang.NullPointerException
	at java.text.DecimalFormat.parse(DecimalFormat.java:1997)
	at java.text.NumberFormat.parse(NumberFormat.java:383)
	at parser.Str2BigDecimal.parse(Str2BigDecimal.java:29)
	... 47 more
]]>
    </error>
  </testcase> <!-- getData -->
</testsuite> <!-- testing._DbTest -->
