<?xml version="1.0" encoding="UTF-8"?>
<!-- Generated by org.testng.reporters.JUnitReportReporter -->
<testsuite skipped="0" hostname="x200" name="testing._DbTest" tests="16" failures="0" timestamp="08 Nov 2017 12:48:09 GMT" time="3.564" errors="0">
  <testcase name="shouldInsertNewCurrency" time="0.037" classname="testing._DbTest"/>
  <testcase name="shouldGetHighestPriceDifferenceOfCurrencyRatios" time="0.250" classname="testing._DbTest"/>
  <testcase name="shouldGetOnlyMultiCurrencyCountries" time="0.016" classname="testing._DbTest"/>
  <testcase name="shouldGetCurrencyRatio" time="0.047" classname="testing._DbTest"/>
  <testcase name="shouldConnectCurrencyCountry" time="0.101" classname="testing._DbTest"/>
  <testcase name="shouldRemoveObjects" time="0.128" classname="testing._DbTest"/>
  <testcase name="shouldCreateDefaultConnection" time="2.648" classname="testing._DbTest"/>
  <testcase name="shouldGetLimittedSortedCurrency" time="0.010" classname="testing._DbTest"/>
  <testcase name="shouldEnsureFetchingResults" time="0.041" classname="testing._DbTest"/>
  <testcase name="shouldGetAllRatiosConnectedToCountryOnDay" time="0.010" classname="testing._DbTest"/>
  <testcase name="shouldGetCurrencyCountForEachCountry" time="0.014" classname="testing._DbTest"/>
  <testcase name="shouldThrowRuntimeExceptionDueToWrongParameter" time="0.004" classname="testing._DbTest"/>
  <testcase name="shouldInsertNewCountry" time="0.081" classname="testing._DbTest"/>
  <testcase name="shouldDisconnectCurrencyCountryRelations" time="0.069" classname="testing._DbTest"/>
  <testcase name="shouldGetSortedCurrency" time="0.088" classname="testing._DbTest"/>
  <testcase name="shouldGetLimittedSortedCurrencyRatiosLowestBidPrice" time="0.020" classname="testing._DbTest"/>
</testsuite> <!-- testing._DbTest -->
